<?xml version="1.0" encoding="UTF-8"?>
<!-- Generated by org.testng.reporters.JUnitXMLReporter -->
<testsuite ignored="0" hostname="DESKTOP-TH63HAS" failures="0" tests="4" name="Test" time="40.717" errors="0" timestamp="2022-03-12T12:58:00 IST">
  <testcase classname="TestCases.Login_Test" name="ExternalDataTest" time="6.289"/>
  <testcase classname="TestCases.Login_Test" name="LoginSuccessTest" time="6.035"/>
  <testcase classname="TestCases.Login_Test" name="ParameterizedTest" time="5.542"/>
  <testcase classname="TestCases.Login_Test" name="LoginFailiureTest" time="6.625"/>
</testsuite> <!-- Test -->
