<?xml version="1.0" encoding="UTF-8"?>
<testng-results ignored="0" total="4" passed="4" failed="0" skipped="0">
  <reporter-output>
  </reporter-output>
  <suite started-at="2022-03-12T12:57:19 IST" name="Suite" finished-at="2022-03-12T12:58:00 IST" duration-ms="40717">
    <groups>
    </groups>
    <test started-at="2022-03-12T12:57:19 IST" name="Test" finished-at="2022-03-12T12:58:00 IST" duration-ms="40717">
      <class name="TestCases.Login_Test">
        <test-method is-config="true" signature="DataSetUP()[pri:0, instance:TestCases.Login_Test@14555e0a]" started-at="2022-03-12T12:57:19 IST" name="DataSetUP" finished-at="2022-03-12T12:57:20 IST" duration-ms="516" status="PASS">
          <reporter-output>
          </reporter-output>
        </test-method> <!-- DataSetUP -->
        <test-method is-config="true" signature="Setup()[pri:0, instance:TestCases.Login_Test@14555e0a]" started-at="2022-03-12T12:57:20 IST" name="Setup" finished-at="2022-03-12T12:57:23 IST" duration-ms="3485" status="PASS">
          <reporter-output>
          </reporter-output>
        </test-method> <!-- Setup -->
        <test-method signature="ExternalDataTest()[pri:0, instance:TestCases.Login_Test@14555e0a]" started-at="2022-03-12T12:57:23 IST" name="ExternalDataTest" finished-at="2022-03-12T12:57:29 IST" duration-ms="6289" status="PASS">
          <reporter-output>
          </reporter-output>
        </test-method> <!-- ExternalDataTest -->
        <test-method is-config="true" signature="Teardown()[pri:0, instance:TestCases.Login_Test@14555e0a]" started-at="2022-03-12T12:57:29 IST" name="Teardown" finished-at="2022-03-12T12:57:30 IST" duration-ms="709" status="PASS">
          <reporter-output>
          </reporter-output>
        </test-method> <!-- Teardown -->
        <test-method is-config="true" signature="Setup()[pri:0, instance:TestCases.Login_Test@14555e0a]" started-at="2022-03-12T12:57:30 IST" name="Setup" finished-at="2022-03-12T12:57:33 IST" duration-ms="2993" status="PASS">
          <reporter-output>
          </reporter-output>
        </test-method> <!-- Setup -->
        <test-method signature="LoginSuccessTest()[pri:0, instance:TestCases.Login_Test@14555e0a]" started-at="2022-03-12T12:57:33 IST" name="LoginSuccessTest" finished-at="2022-03-12T12:57:39 IST" duration-ms="6035" status="PASS">
          <reporter-output>
          </reporter-output>
        </test-method> <!-- LoginSuccessTest -->
        <test-method is-config="true" signature="Teardown()[pri:0, instance:TestCases.Login_Test@14555e0a]" started-at="2022-03-12T12:57:39 IST" name="Teardown" finished-at="2022-03-12T12:57:40 IST" duration-ms="715" status="PASS">
          <reporter-output>
          </reporter-output>
        </test-method> <!-- Teardown -->
        <test-method is-config="true" signature="Setup()[pri:0, instance:TestCases.Login_Test@14555e0a]" started-at="2022-03-12T12:57:40 IST" name="Setup" finished-at="2022-03-12T12:57:43 IST" duration-ms="3289" status="PASS">
          <reporter-output>
          </reporter-output>
        </test-method> <!-- Setup -->
        <test-method signature="ParameterizedTest(java.lang.String,java.lang.String)[pri:0, instance:TestCases.Login_Test@14555e0a]" started-at="2022-03-12T12:57:43 IST" name="ParameterizedTest" finished-at="2022-03-12T12:57:49 IST" duration-ms="5542" status="PASS">
          <params>
            <param index="0">
              <value>
                <![CDATA[xyz@abc.com]]>
              </value>
            </param>
            <param index="1">
              <value>
                <![CDATA[Abc@12345]]>
              </value>
            </param>
          </params>
          <reporter-output>
          </reporter-output>
        </test-method> <!-- ParameterizedTest -->
        <test-method is-config="true" signature="Teardown()[pri:0, instance:TestCases.Login_Test@14555e0a]" started-at="2022-03-12T12:57:49 IST" name="Teardown" finished-at="2022-03-12T12:57:49 IST" duration-ms="688" status="PASS">
          <reporter-output>
          </reporter-output>
        </test-method> <!-- Teardown -->
        <test-method is-config="true" signature="Setup()[pri:0, instance:TestCases.Login_Test@14555e0a]" started-at="2022-03-12T12:57:49 IST" name="Setup" finished-at="2022-03-12T12:57:52 IST" duration-ms="2838" status="PASS">
          <reporter-output>
          </reporter-output>
        </test-method> <!-- Setup -->
        <test-method signature="LoginFailiureTest()[pri:1, instance:TestCases.Login_Test@14555e0a]" started-at="2022-03-12T12:57:52 IST" name="LoginFailiureTest" finished-at="2022-03-12T12:57:59 IST" duration-ms="6625" status="PASS">
          <reporter-output>
          </reporter-output>
        </test-method> <!-- LoginFailiureTest -->
        <test-method is-config="true" signature="Teardown()[pri:0, instance:TestCases.Login_Test@14555e0a]" started-at="2022-03-12T12:57:59 IST" name="Teardown" finished-at="2022-03-12T12:58:00 IST" duration-ms="682" status="PASS">
          <reporter-output>
          </reporter-output>
        </test-method> <!-- Teardown -->
        <test-method is-config="true" signature="DataTearDown()[pri:0, instance:TestCases.Login_Test@14555e0a]" started-at="2022-03-12T12:58:00 IST" name="DataTearDown" finished-at="2022-03-12T12:58:00 IST" duration-ms="278" status="PASS">
          <reporter-output>
          </reporter-output>
        </test-method> <!-- DataTearDown -->
      </class> <!-- TestCases.Login_Test -->
    </test> <!-- Test -->
  </suite> <!-- Suite -->
</testng-results>
